<?xml version="1.0" encoding="UTF-8"?>
<testsuite xmlns:xsi="http://www.w3.org/2001/XMLSchema-instance" xsi:noNamespaceSchemaLocation="https://maven.apache.org/surefire/maven-surefire-plugin/xsd/surefire-test-report-3.0.xsd" version="3.0" name="com.example.MR.MrApplicationTests" time="6.519" tests="1" errors="0" skipped="0" failures="0">
  <properties>
[...]
</properties>
  <testcase name="contextLoads" classname="com.example.MR.MrApplicationTests" time="1.315">
    <system-out><![CDATA[18:43:14.987 [main] INFO org.springframework.test.context.support.AnnotationConfigContextLoaderUtils -- Could not detect default configuration classes for test class [com.example.MR.MrApplicationTests]: MrApplicationTests does not declare any static, non-private, non-final, nested classes annotated with @Configuration.
18:43:15.139 [main] INFO org.springframework.boot.test.context.SpringBootTestContextBootstrapper -- Found @SpringBootConfiguration com.example.MR.MrApplication for test class com.example.MR.MrApplicationTests
18:43:15.374 [main] INFO org.springframework.boot.devtools.restart.RestartApplicationListener -- Restart disabled due to context in which it is running

  .   ____          _            __ _ _
 /\\ / ___'_ __ _ _(_)_ __  __ _ \ \ \ \
( ( )\___ | '_ | '_| | '_ \/ _` | \ \ \ \
 \\/  ___)| |_)| | | | | || (_| |  ) ) ) )
  '  |____| .__|_| |_|_| |_\__, | / / / /
 =========|_|==============|___/=/_/_/_/

 :: Spring Boot ::                (v3.3.4)

2024-11-06T18:43:15.687+09:00  INFO 15968 --- [MR] [           main] com.example.MR.MrApplicationTests        : Starting MrApplicationTests using Java 17.0.12 with PID 15968 (started by USER in C:\workspace\MR\MR)
2024-11-06T18:43:15.690+09:00  INFO 15968 --- [MR] [           main] com.example.MR.MrApplicationTests        : No active profile set, falling back to 1 default profile: "default"
2024-11-06T18:43:17.010+09:00  INFO 15968 --- [MR] [           main] .s.d.r.c.RepositoryConfigurationDelegate : Bootstrapping Spring Data JDBC repositories in DEFAULT mode.
2024-11-06T18:43:17.037+09:00  INFO 15968 --- [MR] [           main] .s.d.r.c.RepositoryConfigurationDelegate : Finished Spring Data repository scanning in 22 ms. Found 0 JDBC repository interfaces.
2024-11-06T18:43:17.196+09:00 DEBUG 15968 --- [MR] [           main] o.m.s.mapper.ClassPathMapperScanner      : Identified candidate component class: file [C:\workspace\MR\MR\target\classes\com\example\MR\mapper\DiagnosisMapper.class]
2024-11-06T18:43:17.197+09:00 DEBUG 15968 --- [MR] [           main] o.m.s.mapper.ClassPathMapperScanner      : Identified candidate component class: file [C:\workspace\MR\MR\target\classes\com\example\MR\mapper\MRMapper.class]
2024-11-06T18:43:17.198+09:00 DEBUG 15968 --- [MR] [           main] o.m.s.mapper.ClassPathMapperScanner      : Creating MapperFactoryBean with name 'diagnosisMapper' and 'com.example.MR.mapper.DiagnosisMapper' mapperInterface
2024-11-06T18:43:17.200+09:00 DEBUG 15968 --- [MR] [           main] o.m.s.mapper.ClassPathMapperScanner      : Enabling autowire by type for MapperFactoryBean with name 'diagnosisMapper'.
2024-11-06T18:43:17.200+09:00 DEBUG 15968 --- [MR] [           main] o.m.s.mapper.ClassPathMapperScanner      : Creating MapperFactoryBean with name 'MRMapper' and 'com.example.MR.mapper.MRMapper' mapperInterface
2024-11-06T18:43:17.201+09:00 DEBUG 15968 --- [MR] [           main] o.m.s.mapper.ClassPathMapperScanner      : Enabling autowire by type for MapperFactoryBean with name 'MRMapper'.
Logging initialized using 'class org.apache.ibatis.logging.stdout.StdOutImpl' adapter.
2024-11-06T18:43:17.830+09:00 DEBUG 15968 --- [MR] [           main] o.mybatis.spring.SqlSessionFactoryBean   : Property 'mapperLocations' was not specified.
2024-11-06T18:43:18.490+09:00  WARN 15968 --- [MR] [           main] .s.s.UserDetailsServiceAutoConfiguration : 

Using generated security password: 6891ec65-be9d-413d-9038-5d0bbb9964f7

This generated password is for development use only. Your security configuration must be updated before running your application in production.

2024-11-06T18:43:18.521+09:00  INFO 15968 --- [MR] [           main] r$InitializeUserDetailsManagerConfigurer : Global AuthenticationManager configured with UserDetailsService bean with name inMemoryUserDetailsManager
2024-11-06T18:43:19.492+09:00  INFO 15968 --- [MR] [           main] com.zaxxer.hikari.HikariDataSource       : HikariPool-1 - Starting...
2024-11-06T18:43:19.680+09:00  INFO 15968 --- [MR] [           main] com.zaxxer.hikari.pool.HikariPool        : HikariPool-1 - Added connection org.mariadb.jdbc.Connection@d5e3f55
2024-11-06T18:43:19.683+09:00  INFO 15968 --- [MR] [           main] com.zaxxer.hikari.HikariDataSource       : HikariPool-1 - Start completed.
2024-11-06T18:43:19.958+09:00  INFO 15968 --- [MR] [           main] com.example.MR.MrApplicationTests        : Started MrApplicationTests in 4.598 seconds (process running for 6.338)
]]></system-out>
  </testcase>
</testsuite>